<?xml version="1.0" encoding="UTF-8"?>
<!-- Generated by org.testng.reporters.JUnitXMLReporter -->
<testsuite ignored="0" hostname="Rajeshkumar11" failures="5" tests="13" name="Test" time="92.316" errors="0" timestamp="2025-05-09T08:32:15 IST">
  <testcase classname="TinyFlixApplicationTest.SearchandFilter" name="TC004_Search_by_Title" time="2.345"/>
  <testcase classname="TinyFlixApplicationTest.SearchandFilter" name="TC005_Search_by_Tags" time="1.404"/>
  <testcase classname="TinyFlixApplicationTest.SearchandFilter" name="TC006_Filter_by_Recent" time="21.337">
    <failure type="java.lang.AssertionError" message="expected [true] but found [false]">
      <![CDATA[java.lang.AssertionError: expected [true] but found [false]
at TinyFlixApplicationTest.SearchandFilter.TC006_Filter_by_Recent(SearchandFilter.java:79)
at java.base/java.util.ArrayList.forEach(ArrayList.java:1511)
... Removed 29 stack frames]]>
    </failure>
  </testcase> <!-- TC006_Filter_by_Recent -->
  <testcase classname="TinyFlixApplicationTest.Comments" name="TC009_Add_Comment" time="3.591"/>
  <testcase classname="TinyFlixApplicationTest.Comments" name="TC010_Reply_to_Comment" time="3.708"/>
  <testcase classname="TinyFlixApplicationTest.VideoPlayback" name="TC001_Video_PlayorPause" time="7.366">
    <failure type="java.lang.AssertionError" message="expected [true] but found [false]">
      <![CDATA[java.lang.AssertionError: expected [true] but found [false]
at TinyFlixApplicationTest.VideoPlayback.TC001_Video_PlayorPause(VideoPlayback.java:53)
at java.base/java.util.ArrayList.forEach(ArrayList.java:1511)
... Removed 29 stack frames]]>
    </failure>
  </testcase> <!-- TC001_Video_PlayorPause -->
  <testcase classname="TinyFlixApplicationTest.VideoPlayback" name="TC002_Volume_Control" time="7.428">
    <failure type="java.lang.AssertionError" message="expected [true] but found [false]">
      <![CDATA[java.lang.AssertionError: expected [true] but found [false]
at TinyFlixApplicationTest.VideoPlayback.TC002_Volume_Control(VideoPlayback.java:95)
at java.base/java.util.ArrayList.forEach(ArrayList.java:1511)
... Removed 29 stack frames]]>
    </failure>
  </testcase> <!-- TC002_Volume_Control -->
  <testcase classname="TinyFlixApplicationTest.VideoPlayback" name="TC003_Playback_Rate" time="7.341">
    <failure type="java.lang.AssertionError" message="expected [true] but found [false]">
      <![CDATA[java.lang.AssertionError: expected [true] but found [false]
at TinyFlixApplicationTest.VideoPlayback.TC003_Playback_Rate(VideoPlayback.java:143)
at java.base/java.util.ArrayList.forEach(ArrayList.java:1511)
... Removed 29 stack frames]]>
    </failure>
  </testcase> <!-- TC003_Playback_Rate -->
  <testcase classname="TinyFlixApplicationTest.ErrorHandling" name="T014_Invalid_Input" time="2.522"/>
  <testcase classname="TinyFlixApplicationTest.ErrorHandling" name="TC013_Network_Error" time="21.306">
    <failure type="java.lang.AssertionError" message="expected [true] but found [false]">
      <![CDATA[java.lang.AssertionError: expected [true] but found [false]
at TinyFlixApplicationTest.ErrorHandling.TC013_Network_Error(ErrorHandling.java:39)
at java.base/java.util.ArrayList.forEach(ArrayList.java:1511)
... Removed 29 stack frames]]>
    </failure>
  </testcase> <!-- TC013_Network_Error -->
  <testcase classname="TinyFlixApplicationTest.Accessibility" name="TC011_Keyboard_Navigation" time="2.715"/>
  <testcase classname="TinyFlixApplicationTest.Bookmarks" name="TC007_Add_Bookmark" time="5.592"/>
  <testcase classname="TinyFlixApplicationTest.Bookmarks" name="TC008_Navigate_to_Bookmark" time="5.59"/>
</testsuite> <!-- Test -->
