<?xml version="1.0" encoding="UTF-8"?>
<testng-results ignored="0" total="1" passed="1" failed="0" skipped="0">
  <reporter-output>
  </reporter-output>
  <suite started-at="2025-05-11T12:55:54 IST" name="Default suite" finished-at="2025-05-11T12:56:04 IST" duration-ms="9404">
    <groups>
    </groups>
    <test started-at="2025-05-11T12:55:54 IST" name="Default test" finished-at="2025-05-11T12:56:04 IST" duration-ms="9404">
      <class name="UploadDownloadTest.FileUploadAutoIT">
        <test-method signature="FileUploadAutoITTest()[pri:0, instance:UploadDownloadTest.FileUploadAutoIT@13c9d689]" started-at="2025-05-11T12:55:54 IST" name="FileUploadAutoITTest" finished-at="2025-05-11T12:56:04 IST" duration-ms="9356" status="PASS">
          <reporter-output>
          </reporter-output>
        </test-method> <!-- FileUploadAutoITTest -->
      </class> <!-- UploadDownloadTest.FileUploadAutoIT -->
    </test> <!-- Default test -->
  </suite> <!-- Default suite -->
</testng-results>
